<?xml version="1.0" encoding="UTF-8"?>
<!-- Generated by org.testng.reporters.JUnitReportReporter -->
<testsuite hostname="DESKTOP-T7LPE4F" failures="0" tests="4" name="Reporting.Test_case2" time="89.855" errors="0" timestamp="2023-06-02T11:39:31 SAST" skipped="0">
  <testcase classname="Reporting.Test_case2" name="InvalidLogin" time="10.482"/>
  <system-out/>
  <testcase classname="Reporting.Test_case2" name="LoginTest" time="10.688"/>
  <system-out/>
  <testcase classname="Reporting.Test_case2" name="ConfirmOrder" time="48.339"/>
  <system-out/>
  <testcase classname="Reporting.Test_case2" name="addingToCart" time="20.346"/>
  <system-out/>
</testsuite> <!-- Reporting.Test_case2 -->
