<?xml version="1.0" encoding="UTF-8"?>
<!-- Generated by org.testng.reporters.JUnitReportReporter -->
<testsuite hostname="DESKTOP-T7LPE4F" failures="0" tests="1" name="Utilities.ExcelData" time="0.638" errors="0" timestamp="2023-06-01T22:42:53 SAST" skipped="0">
  <testcase classname="Utilities.ExcelData" name="xlData" time="0.638"/>
  <system-out/>
</testsuite> <!-- Utilities.ExcelData -->
